2017-09-24 17:47:07.261 ERROR 48272 --- [main] o.s.b.l.LoggingApplicationListener       : Cannot set level: debug   for 'com.keji.blog.controller'
2017-09-24 17:47:07.356  INFO 48272 --- [main] com.keji.blog.ApplicationTests           : Starting ApplicationTests on MININT-LGP9OM3 with PID 48272 (started by wb-ny291824 in D:\Develop\idea\IdeaProjects\super-blog\super-blog-starter)
2017-09-24 17:47:07.356  INFO 48272 --- [main] com.keji.blog.ApplicationTests           : No active profile set, falling back to default profiles: default
2017-09-24 17:47:07.407  INFO 48272 --- [main] o.s.w.c.s.GenericWebApplicationContext   : Refreshing org.springframework.web.context.support.GenericWebApplicationContext@1d8bd0de: startup date [Sun Sep 24 17:47:07 CST 2017]; root of context hierarchy
2017-09-24 17:47:08.145  INFO 48272 --- [main] o.s.b.f.xml.XmlBeanDefinitionReader      : Loading XML bean definitions from class path resource [WEB-INF/base-config.xml]
2017-09-24 17:47:08.255  INFO 48272 --- [main] o.s.b.f.xml.XmlBeanDefinitionReader      : Loading XML bean definitions from class path resource [mybatis/mybatis-config.xml]
2017-09-24 17:47:08.405  WARN 48272 --- [main] o.m.s.mapper.ClassPathMapperScanner      : No MyBatis mapper was found in '[com.keji.blog]' package. Please check your configuration.
2017-09-24 17:47:08.610  INFO 48272 --- [main] c.s.PropertySourcesPlaceholderConfigurer : Loading properties file from file [D:\Develop\idea\IdeaProjects\super-blog\super-blog-dao\target\classes\properties\db.properties]
2017-09-24 17:47:09.418  INFO 48272 --- [main] s.w.s.m.m.a.RequestMappingHandlerMapping : Mapped "{[/admin/login]}" onto public com.keji.blog.result.BaseResult com.keji.blog.controller.admin.AdminUserController.login(com.keji.blog.controller.vo.BlogUserVO,javax.servlet.http.HttpSession)
2017-09-24 17:47:09.420  INFO 48272 --- [main] s.w.s.m.m.a.RequestMappingHandlerMapping : Mapped "{[/{page}]}" onto public java.lang.String com.keji.blog.controller.IndexController.index(java.lang.String)
2017-09-24 17:47:09.420  INFO 48272 --- [main] s.w.s.m.m.a.RequestMappingHandlerMapping : Mapped "{[/admin/{page}]}" onto public java.lang.String com.keji.blog.controller.IndexController.amdinIndex(java.lang.String)
2017-09-24 17:47:09.420  INFO 48272 --- [main] s.w.s.m.m.a.RequestMappingHandlerMapping : Mapped "{[/user/showUserData]}" onto public com.keji.blog.result.BaseResult com.keji.blog.controller.user.UserController.showUserData(java.lang.String)
2017-09-24 17:47:09.425  INFO 48272 --- [main] s.w.s.m.m.a.RequestMappingHandlerMapping : Mapped "{[/error]}" onto public org.springframework.http.ResponseEntity<java.util.Map<java.lang.String, java.lang.Object>> org.springframework.boot.autoconfigure.web.BasicErrorController.error(javax.servlet.http.HttpServletRequest)
2017-09-24 17:47:09.425  INFO 48272 --- [main] s.w.s.m.m.a.RequestMappingHandlerMapping : Mapped "{[/error],produces=[text/html]}" onto public org.springframework.web.servlet.ModelAndView org.springframework.boot.autoconfigure.web.BasicErrorController.errorHtml(javax.servlet.http.HttpServletRequest,javax.servlet.http.HttpServletResponse)
2017-09-24 17:47:09.462  INFO 48272 --- [main] o.s.w.s.handler.SimpleUrlHandlerMapping  : Mapped URL path [/static/**] onto handler of type [class org.springframework.web.servlet.resource.ResourceHttpRequestHandler]
2017-09-24 17:47:09.462  INFO 48272 --- [main] o.s.w.s.handler.SimpleUrlHandlerMapping  : Mapped URL path [/templates/**] onto handler of type [class org.springframework.web.servlet.resource.ResourceHttpRequestHandler]
2017-09-24 17:47:09.506  INFO 48272 --- [main] s.w.s.m.m.a.RequestMappingHandlerAdapter : Looking for @ControllerAdvice: org.springframework.web.context.support.GenericWebApplicationContext@1d8bd0de: startup date [Sun Sep 24 17:47:07 CST 2017]; root of context hierarchy
2017-09-24 17:47:09.554  INFO 48272 --- [main] .m.m.a.ExceptionHandlerExceptionResolver : Detected @ExceptionHandler methods in globalDefaultExceptionHandler
2017-09-24 17:47:09.994  INFO 48272 --- [main] o.s.w.s.v.f.FreeMarkerConfigurer         : ClassTemplateLoader for Spring macros added to FreeMarker configuration
2017-09-24 17:47:10.160  INFO 48272 --- [main] com.keji.blog.ApplicationTests           : Started ApplicationTests in 3.45 seconds (JVM running for 4.568)
2017-09-24 17:47:10.208  INFO 48272 --- [Thread-2] o.s.w.c.s.GenericWebApplicationContext   : Closing org.springframework.web.context.support.GenericWebApplicationContext@1d8bd0de: startup date [Sun Sep 24 17:47:07 CST 2017]; root of context hierarchy
2017-09-24 17:47:23.437 ERROR 53824 --- [main] o.s.b.l.LoggingApplicationListener       : Cannot set level: debug   for 'com.keji.blog.controller'
2017-09-24 17:47:23.509  INFO 53824 --- [main] com.keji.blog.ApplicationTests           : Starting ApplicationTests on MININT-LGP9OM3 with PID 53824 (started by wb-ny291824 in D:\Develop\idea\IdeaProjects\super-blog\super-blog-starter)
2017-09-24 17:47:23.509  INFO 53824 --- [main] com.keji.blog.ApplicationTests           : No active profile set, falling back to default profiles: default
2017-09-24 17:47:23.792  INFO 53824 --- [main] o.s.w.c.s.GenericWebApplicationContext   : Refreshing org.springframework.web.context.support.GenericWebApplicationContext@1d8bd0de: startup date [Sun Sep 24 17:47:23 CST 2017]; root of context hierarchy
2017-09-24 17:47:24.598  INFO 53824 --- [main] o.s.b.f.xml.XmlBeanDefinitionReader      : Loading XML bean definitions from class path resource [WEB-INF/base-config.xml]
2017-09-24 17:47:24.665  INFO 53824 --- [main] o.s.b.f.xml.XmlBeanDefinitionReader      : Loading XML bean definitions from class path resource [mybatis/mybatis-config.xml]
2017-09-24 17:47:24.819  WARN 53824 --- [main] o.m.s.mapper.ClassPathMapperScanner      : No MyBatis mapper was found in '[com.keji.blog]' package. Please check your configuration.
2017-09-24 17:47:25.018  INFO 53824 --- [main] c.s.PropertySourcesPlaceholderConfigurer : Loading properties file from file [D:\Develop\idea\IdeaProjects\super-blog\super-blog-dao\target\classes\properties\db.properties]
2017-09-24 17:47:25.727  INFO 53824 --- [main] s.w.s.m.m.a.RequestMappingHandlerMapping : Mapped "{[/admin/login]}" onto public com.keji.blog.result.BaseResult com.keji.blog.controller.admin.AdminUserController.login(com.keji.blog.controller.vo.BlogUserVO,javax.servlet.http.HttpSession)
2017-09-24 17:47:25.729  INFO 53824 --- [main] s.w.s.m.m.a.RequestMappingHandlerMapping : Mapped "{[/{page}]}" onto public java.lang.String com.keji.blog.controller.IndexController.index(java.lang.String)
2017-09-24 17:47:25.729  INFO 53824 --- [main] s.w.s.m.m.a.RequestMappingHandlerMapping : Mapped "{[/admin/{page}]}" onto public java.lang.String com.keji.blog.controller.IndexController.amdinIndex(java.lang.String)
2017-09-24 17:47:25.729  INFO 53824 --- [main] s.w.s.m.m.a.RequestMappingHandlerMapping : Mapped "{[/user/showUserData]}" onto public com.keji.blog.result.BaseResult com.keji.blog.controller.user.UserController.showUserData(java.lang.String)
2017-09-24 17:47:25.735  INFO 53824 --- [main] s.w.s.m.m.a.RequestMappingHandlerMapping : Mapped "{[/error]}" onto public org.springframework.http.ResponseEntity<java.util.Map<java.lang.String, java.lang.Object>> org.springframework.boot.autoconfigure.web.BasicErrorController.error(javax.servlet.http.HttpServletRequest)
2017-09-24 17:47:25.735  INFO 53824 --- [main] s.w.s.m.m.a.RequestMappingHandlerMapping : Mapped "{[/error],produces=[text/html]}" onto public org.springframework.web.servlet.ModelAndView org.springframework.boot.autoconfigure.web.BasicErrorController.errorHtml(javax.servlet.http.HttpServletRequest,javax.servlet.http.HttpServletResponse)
2017-09-24 17:47:25.771  INFO 53824 --- [main] o.s.w.s.handler.SimpleUrlHandlerMapping  : Mapped URL path [/static/**] onto handler of type [class org.springframework.web.servlet.resource.ResourceHttpRequestHandler]
2017-09-24 17:47:25.772  INFO 53824 --- [main] o.s.w.s.handler.SimpleUrlHandlerMapping  : Mapped URL path [/templates/**] onto handler of type [class org.springframework.web.servlet.resource.ResourceHttpRequestHandler]
2017-09-24 17:47:25.813  INFO 53824 --- [main] s.w.s.m.m.a.RequestMappingHandlerAdapter : Looking for @ControllerAdvice: org.springframework.web.context.support.GenericWebApplicationContext@1d8bd0de: startup date [Sun Sep 24 17:47:23 CST 2017]; root of context hierarchy
2017-09-24 17:47:25.859  INFO 53824 --- [main] .m.m.a.ExceptionHandlerExceptionResolver : Detected @ExceptionHandler methods in globalDefaultExceptionHandler
2017-09-24 17:47:26.277  INFO 53824 --- [main] o.s.w.s.v.f.FreeMarkerConfigurer         : ClassTemplateLoader for Spring macros added to FreeMarker configuration
2017-09-24 17:47:26.448  INFO 53824 --- [main] com.keji.blog.ApplicationTests           : Started ApplicationTests in 3.274 seconds (JVM running for 4.029)
2017-09-24 17:47:26.574  INFO 53824 --- [Thread-2] o.s.w.c.s.GenericWebApplicationContext   : Closing org.springframework.web.context.support.GenericWebApplicationContext@1d8bd0de: startup date [Sun Sep 24 17:47:23 CST 2017]; root of context hierarchy
2017-09-24 17:47:35.068 ERROR 44812 --- [main] o.s.b.l.LoggingApplicationListener       : Cannot set level: debug   for 'com.keji.blog.controller'
2017-09-24 17:47:35.183  INFO 44812 --- [main] com.keji.blog.ApplicationTests           : Starting ApplicationTests on MININT-LGP9OM3 with PID 44812 (started by wb-ny291824 in D:\Develop\idea\IdeaProjects\super-blog\super-blog-starter)
2017-09-24 17:47:35.183  INFO 44812 --- [main] com.keji.blog.ApplicationTests           : No active profile set, falling back to default profiles: default
2017-09-24 17:47:35.284  INFO 44812 --- [main] o.s.w.c.s.GenericWebApplicationContext   : Refreshing org.springframework.web.context.support.GenericWebApplicationContext@1d8bd0de: startup date [Sun Sep 24 17:47:35 CST 2017]; root of context hierarchy
2017-09-24 17:47:35.903  INFO 44812 --- [main] o.s.b.f.xml.XmlBeanDefinitionReader      : Loading XML bean definitions from class path resource [WEB-INF/base-config.xml]
2017-09-24 17:47:36.001  INFO 44812 --- [main] o.s.b.f.xml.XmlBeanDefinitionReader      : Loading XML bean definitions from class path resource [mybatis/mybatis-config.xml]
2017-09-24 17:47:36.149  WARN 44812 --- [main] o.m.s.mapper.ClassPathMapperScanner      : No MyBatis mapper was found in '[com.keji.blog]' package. Please check your configuration.
2017-09-24 17:47:36.349  INFO 44812 --- [main] c.s.PropertySourcesPlaceholderConfigurer : Loading properties file from file [D:\Develop\idea\IdeaProjects\super-blog\super-blog-dao\target\classes\properties\db.properties]
2017-09-24 17:47:37.040  INFO 44812 --- [main] s.w.s.m.m.a.RequestMappingHandlerMapping : Mapped "{[/admin/login]}" onto public com.keji.blog.result.BaseResult com.keji.blog.controller.admin.AdminUserController.login(com.keji.blog.controller.vo.BlogUserVO,javax.servlet.http.HttpSession)
2017-09-24 17:47:37.042  INFO 44812 --- [main] s.w.s.m.m.a.RequestMappingHandlerMapping : Mapped "{[/{page}]}" onto public java.lang.String com.keji.blog.controller.IndexController.index(java.lang.String)
2017-09-24 17:47:37.042  INFO 44812 --- [main] s.w.s.m.m.a.RequestMappingHandlerMapping : Mapped "{[/admin/{page}]}" onto public java.lang.String com.keji.blog.controller.IndexController.amdinIndex(java.lang.String)
2017-09-24 17:47:37.043  INFO 44812 --- [main] s.w.s.m.m.a.RequestMappingHandlerMapping : Mapped "{[/user/showUserData]}" onto public com.keji.blog.result.BaseResult com.keji.blog.controller.user.UserController.showUserData(java.lang.String)
2017-09-24 17:47:37.047  INFO 44812 --- [main] s.w.s.m.m.a.RequestMappingHandlerMapping : Mapped "{[/error]}" onto public org.springframework.http.ResponseEntity<java.util.Map<java.lang.String, java.lang.Object>> org.springframework.boot.autoconfigure.web.BasicErrorController.error(javax.servlet.http.HttpServletRequest)
2017-09-24 17:47:37.047  INFO 44812 --- [main] s.w.s.m.m.a.RequestMappingHandlerMapping : Mapped "{[/error],produces=[text/html]}" onto public org.springframework.web.servlet.ModelAndView org.springframework.boot.autoconfigure.web.BasicErrorController.errorHtml(javax.servlet.http.HttpServletRequest,javax.servlet.http.HttpServletResponse)
2017-09-24 17:47:37.081  INFO 44812 --- [main] o.s.w.s.handler.SimpleUrlHandlerMapping  : Mapped URL path [/static/**] onto handler of type [class org.springframework.web.servlet.resource.ResourceHttpRequestHandler]
2017-09-24 17:47:37.081  INFO 44812 --- [main] o.s.w.s.handler.SimpleUrlHandlerMapping  : Mapped URL path [/templates/**] onto handler of type [class org.springframework.web.servlet.resource.ResourceHttpRequestHandler]
2017-09-24 17:47:37.124  INFO 44812 --- [main] s.w.s.m.m.a.RequestMappingHandlerAdapter : Looking for @ControllerAdvice: org.springframework.web.context.support.GenericWebApplicationContext@1d8bd0de: startup date [Sun Sep 24 17:47:35 CST 2017]; root of context hierarchy
2017-09-24 17:47:37.167  INFO 44812 --- [main] .m.m.a.ExceptionHandlerExceptionResolver : Detected @ExceptionHandler methods in globalDefaultExceptionHandler
2017-09-24 17:47:37.649  INFO 44812 --- [main] o.s.w.s.v.f.FreeMarkerConfigurer         : ClassTemplateLoader for Spring macros added to FreeMarker configuration
2017-09-24 17:47:37.807  INFO 44812 --- [main] com.keji.blog.ApplicationTests           : Started ApplicationTests in 3.179 seconds (JVM running for 3.872)
2017-09-24 17:47:37.844  INFO 44812 --- [Thread-2] o.s.w.c.s.GenericWebApplicationContext   : Closing org.springframework.web.context.support.GenericWebApplicationContext@1d8bd0de: startup date [Sun Sep 24 17:47:35 CST 2017]; root of context hierarchy
2017-09-24 17:47:49.255 ERROR 11480 --- [main] o.s.b.l.LoggingApplicationListener       : Cannot set level: debug   for 'com.keji.blog.controller'
2017-09-24 17:47:49.376  INFO 11480 --- [main] com.keji.blog.ApplicationTests           : Starting ApplicationTests on MININT-LGP9OM3 with PID 11480 (started by wb-ny291824 in D:\Develop\idea\IdeaProjects\super-blog\super-blog-starter)
2017-09-24 17:47:49.376  INFO 11480 --- [main] com.keji.blog.ApplicationTests           : No active profile set, falling back to default profiles: default
2017-09-24 17:47:49.491  INFO 11480 --- [main] o.s.w.c.s.GenericWebApplicationContext   : Refreshing org.springframework.web.context.support.GenericWebApplicationContext@1d8bd0de: startup date [Sun Sep 24 17:47:49 CST 2017]; root of context hierarchy
2017-09-24 17:47:50.117  INFO 11480 --- [main] o.s.b.f.xml.XmlBeanDefinitionReader      : Loading XML bean definitions from class path resource [WEB-INF/base-config.xml]
2017-09-24 17:47:50.219  INFO 11480 --- [main] o.s.b.f.xml.XmlBeanDefinitionReader      : Loading XML bean definitions from class path resource [mybatis/mybatis-config.xml]
2017-09-24 17:47:50.353  WARN 11480 --- [main] o.m.s.mapper.ClassPathMapperScanner      : No MyBatis mapper was found in '[com.keji.blog]' package. Please check your configuration.
2017-09-24 17:47:50.540  INFO 11480 --- [main] c.s.PropertySourcesPlaceholderConfigurer : Loading properties file from file [D:\Develop\idea\IdeaProjects\super-blog\super-blog-dao\target\classes\properties\db.properties]
2017-09-24 17:47:51.195  INFO 11480 --- [main] s.w.s.m.m.a.RequestMappingHandlerMapping : Mapped "{[/admin/login]}" onto public com.keji.blog.result.BaseResult com.keji.blog.controller.admin.AdminUserController.login(com.keji.blog.controller.vo.BlogUserVO,javax.servlet.http.HttpSession)
2017-09-24 17:47:51.197  INFO 11480 --- [main] s.w.s.m.m.a.RequestMappingHandlerMapping : Mapped "{[/{page}]}" onto public java.lang.String com.keji.blog.controller.IndexController.index(java.lang.String)
2017-09-24 17:47:51.197  INFO 11480 --- [main] s.w.s.m.m.a.RequestMappingHandlerMapping : Mapped "{[/admin/{page}]}" onto public java.lang.String com.keji.blog.controller.IndexController.amdinIndex(java.lang.String)
2017-09-24 17:47:51.197  INFO 11480 --- [main] s.w.s.m.m.a.RequestMappingHandlerMapping : Mapped "{[/user/showUserData]}" onto public com.keji.blog.result.BaseResult com.keji.blog.controller.user.UserController.showUserData(java.lang.String)
2017-09-24 17:47:51.201  INFO 11480 --- [main] s.w.s.m.m.a.RequestMappingHandlerMapping : Mapped "{[/error]}" onto public org.springframework.http.ResponseEntity<java.util.Map<java.lang.String, java.lang.Object>> org.springframework.boot.autoconfigure.web.BasicErrorController.error(javax.servlet.http.HttpServletRequest)
2017-09-24 17:47:51.202  INFO 11480 --- [main] s.w.s.m.m.a.RequestMappingHandlerMapping : Mapped "{[/error],produces=[text/html]}" onto public org.springframework.web.servlet.ModelAndView org.springframework.boot.autoconfigure.web.BasicErrorController.errorHtml(javax.servlet.http.HttpServletRequest,javax.servlet.http.HttpServletResponse)
2017-09-24 17:47:51.234  INFO 11480 --- [main] o.s.w.s.handler.SimpleUrlHandlerMapping  : Mapped URL path [/static/**] onto handler of type [class org.springframework.web.servlet.resource.ResourceHttpRequestHandler]
2017-09-24 17:47:51.235  INFO 11480 --- [main] o.s.w.s.handler.SimpleUrlHandlerMapping  : Mapped URL path [/templates/**] onto handler of type [class org.springframework.web.servlet.resource.ResourceHttpRequestHandler]
2017-09-24 17:47:51.270  INFO 11480 --- [main] s.w.s.m.m.a.RequestMappingHandlerAdapter : Looking for @ControllerAdvice: org.springframework.web.context.support.GenericWebApplicationContext@1d8bd0de: startup date [Sun Sep 24 17:47:49 CST 2017]; root of context hierarchy
2017-09-24 17:47:51.311  INFO 11480 --- [main] .m.m.a.ExceptionHandlerExceptionResolver : Detected @ExceptionHandler methods in globalDefaultExceptionHandler
2017-09-24 17:47:51.706  INFO 11480 --- [main] o.s.w.s.v.f.FreeMarkerConfigurer         : ClassTemplateLoader for Spring macros added to FreeMarker configuration
2017-09-24 17:47:51.882  INFO 11480 --- [main] com.keji.blog.ApplicationTests           : Started ApplicationTests in 2.998 seconds (JVM running for 3.718)
2017-09-24 17:47:52.059  INFO 11480 --- [Thread-2] o.s.w.c.s.GenericWebApplicationContext   : Closing org.springframework.web.context.support.GenericWebApplicationContext@1d8bd0de: startup date [Sun Sep 24 17:47:49 CST 2017]; root of context hierarchy
2017-09-24 17:50:34.718 ERROR 58920 --- [main] o.s.b.l.LoggingApplicationListener       : Cannot set level: debug   for 'com.keji.blog.controller'
2017-09-24 17:50:34.797  INFO 58920 --- [main] com.keji.blog.ApplicationTests           : Starting ApplicationTests on MININT-LGP9OM3 with PID 58920 (started by wb-ny291824 in D:\Develop\idea\IdeaProjects\super-blog\super-blog-starter)
2017-09-24 17:50:34.797  INFO 58920 --- [main] com.keji.blog.ApplicationTests           : No active profile set, falling back to default profiles: default
2017-09-24 17:50:34.870  INFO 58920 --- [main] o.s.w.c.s.GenericWebApplicationContext   : Refreshing org.springframework.web.context.support.GenericWebApplicationContext@1d8bd0de: startup date [Sun Sep 24 17:50:34 CST 2017]; root of context hierarchy
2017-09-24 17:50:35.444  INFO 58920 --- [main] o.s.b.f.xml.XmlBeanDefinitionReader      : Loading XML bean definitions from class path resource [WEB-INF/base-config.xml]
2017-09-24 17:50:35.507  INFO 58920 --- [main] o.s.b.f.xml.XmlBeanDefinitionReader      : Loading XML bean definitions from class path resource [mybatis/mybatis-config.xml]
2017-09-24 17:50:35.635  WARN 58920 --- [main] o.m.s.mapper.ClassPathMapperScanner      : No MyBatis mapper was found in '[com.keji.blog]' package. Please check your configuration.
2017-09-24 17:50:35.834  INFO 58920 --- [main] c.s.PropertySourcesPlaceholderConfigurer : Loading properties file from file [D:\Develop\idea\IdeaProjects\super-blog\super-blog-dao\target\classes\properties\db.properties]
2017-09-24 17:50:36.537  INFO 58920 --- [main] s.w.s.m.m.a.RequestMappingHandlerMapping : Mapped "{[/admin/login]}" onto public com.keji.blog.result.BaseResult com.keji.blog.controller.admin.AdminUserController.login(com.keji.blog.controller.vo.BlogUserVO,javax.servlet.http.HttpSession)
2017-09-24 17:50:36.538  INFO 58920 --- [main] s.w.s.m.m.a.RequestMappingHandlerMapping : Mapped "{[/{page}]}" onto public java.lang.String com.keji.blog.controller.IndexController.index(java.lang.String)
2017-09-24 17:50:36.538  INFO 58920 --- [main] s.w.s.m.m.a.RequestMappingHandlerMapping : Mapped "{[/admin/{page}]}" onto public java.lang.String com.keji.blog.controller.IndexController.amdinIndex(java.lang.String)
2017-09-24 17:50:36.539  INFO 58920 --- [main] s.w.s.m.m.a.RequestMappingHandlerMapping : Mapped "{[/user/showUserData]}" onto public com.keji.blog.result.BaseResult com.keji.blog.controller.user.UserController.showUserData(java.lang.String)
2017-09-24 17:50:36.544  INFO 58920 --- [main] s.w.s.m.m.a.RequestMappingHandlerMapping : Mapped "{[/error]}" onto public org.springframework.http.ResponseEntity<java.util.Map<java.lang.String, java.lang.Object>> org.springframework.boot.autoconfigure.web.BasicErrorController.error(javax.servlet.http.HttpServletRequest)
2017-09-24 17:50:36.544  INFO 58920 --- [main] s.w.s.m.m.a.RequestMappingHandlerMapping : Mapped "{[/error],produces=[text/html]}" onto public org.springframework.web.servlet.ModelAndView org.springframework.boot.autoconfigure.web.BasicErrorController.errorHtml(javax.servlet.http.HttpServletRequest,javax.servlet.http.HttpServletResponse)
2017-09-24 17:50:36.579  INFO 58920 --- [main] o.s.w.s.handler.SimpleUrlHandlerMapping  : Mapped URL path [/static/**] onto handler of type [class org.springframework.web.servlet.resource.ResourceHttpRequestHandler]
2017-09-24 17:50:36.579  INFO 58920 --- [main] o.s.w.s.handler.SimpleUrlHandlerMapping  : Mapped URL path [/templates/**] onto handler of type [class org.springframework.web.servlet.resource.ResourceHttpRequestHandler]
2017-09-24 17:50:36.621  INFO 58920 --- [main] s.w.s.m.m.a.RequestMappingHandlerAdapter : Looking for @ControllerAdvice: org.springframework.web.context.support.GenericWebApplicationContext@1d8bd0de: startup date [Sun Sep 24 17:50:34 CST 2017]; root of context hierarchy
2017-09-24 17:50:36.674  INFO 58920 --- [main] .m.m.a.ExceptionHandlerExceptionResolver : Detected @ExceptionHandler methods in globalDefaultExceptionHandler
2017-09-24 17:50:37.103  INFO 58920 --- [main] o.s.w.s.v.f.FreeMarkerConfigurer         : ClassTemplateLoader for Spring macros added to FreeMarker configuration
2017-09-24 17:50:37.281  INFO 58920 --- [main] com.keji.blog.ApplicationTests           : Started ApplicationTests in 3.146 seconds (JVM running for 3.927)
2017-09-24 17:50:37.329  INFO 58920 --- [Thread-2] o.s.w.c.s.GenericWebApplicationContext   : Closing org.springframework.web.context.support.GenericWebApplicationContext@1d8bd0de: startup date [Sun Sep 24 17:50:34 CST 2017]; root of context hierarchy
2017-09-24 17:50:58.848 ERROR 52500 --- [main] o.s.b.l.LoggingApplicationListener       : Cannot set level: debug   for 'com.keji.blog.controller'
2017-09-24 17:50:59.073  INFO 52500 --- [main] com.keji.blog.ApplicationTests           : Starting ApplicationTests on MININT-LGP9OM3 with PID 52500 (started by wb-ny291824 in D:\Develop\idea\IdeaProjects\super-blog\super-blog-starter)
2017-09-24 17:50:59.074  INFO 52500 --- [main] com.keji.blog.ApplicationTests           : No active profile set, falling back to default profiles: default
2017-09-24 17:50:59.117  INFO 52500 --- [main] o.s.w.c.s.GenericWebApplicationContext   : Refreshing org.springframework.web.context.support.GenericWebApplicationContext@6d1ef78d: startup date [Sun Sep 24 17:50:59 CST 2017]; root of context hierarchy
2017-09-24 17:50:59.724  INFO 52500 --- [main] o.s.b.f.xml.XmlBeanDefinitionReader      : Loading XML bean definitions from class path resource [WEB-INF/base-config.xml]
2017-09-24 17:50:59.810  INFO 52500 --- [main] o.s.b.f.xml.XmlBeanDefinitionReader      : Loading XML bean definitions from class path resource [mybatis/mybatis-config.xml]
2017-09-24 17:50:59.973  WARN 52500 --- [main] o.m.s.mapper.ClassPathMapperScanner      : No MyBatis mapper was found in '[com.keji.blog]' package. Please check your configuration.
2017-09-24 17:51:00.201  INFO 52500 --- [main] c.s.PropertySourcesPlaceholderConfigurer : Loading properties file from file [D:\Develop\idea\IdeaProjects\super-blog\super-blog-dao\target\classes\properties\db.properties]
2017-09-24 17:51:00.996  INFO 52500 --- [main] s.w.s.m.m.a.RequestMappingHandlerMapping : Mapped "{[/admin/login]}" onto public com.keji.blog.result.BaseResult com.keji.blog.controller.admin.AdminUserController.login(com.keji.blog.controller.vo.BlogUserVO,javax.servlet.http.HttpSession)
2017-09-24 17:51:00.997  INFO 52500 --- [main] s.w.s.m.m.a.RequestMappingHandlerMapping : Mapped "{[/{page}]}" onto public java.lang.String com.keji.blog.controller.IndexController.index(java.lang.String)
2017-09-24 17:51:00.998  INFO 52500 --- [main] s.w.s.m.m.a.RequestMappingHandlerMapping : Mapped "{[/admin/{page}]}" onto public java.lang.String com.keji.blog.controller.IndexController.amdinIndex(java.lang.String)
2017-09-24 17:51:00.998  INFO 52500 --- [main] s.w.s.m.m.a.RequestMappingHandlerMapping : Mapped "{[/user/showUserData]}" onto public com.keji.blog.result.BaseResult com.keji.blog.controller.user.UserController.showUserData(java.lang.String)
2017-09-24 17:51:01.002  INFO 52500 --- [main] s.w.s.m.m.a.RequestMappingHandlerMapping : Mapped "{[/error]}" onto public org.springframework.http.ResponseEntity<java.util.Map<java.lang.String, java.lang.Object>> org.springframework.boot.autoconfigure.web.BasicErrorController.error(javax.servlet.http.HttpServletRequest)
2017-09-24 17:51:01.003  INFO 52500 --- [main] s.w.s.m.m.a.RequestMappingHandlerMapping : Mapped "{[/error],produces=[text/html]}" onto public org.springframework.web.servlet.ModelAndView org.springframework.boot.autoconfigure.web.BasicErrorController.errorHtml(javax.servlet.http.HttpServletRequest,javax.servlet.http.HttpServletResponse)
2017-09-24 17:51:01.039  INFO 52500 --- [main] o.s.w.s.handler.SimpleUrlHandlerMapping  : Mapped URL path [/static/**] onto handler of type [class org.springframework.web.servlet.resource.ResourceHttpRequestHandler]
2017-09-24 17:51:01.040  INFO 52500 --- [main] o.s.w.s.handler.SimpleUrlHandlerMapping  : Mapped URL path [/templates/**] onto handler of type [class org.springframework.web.servlet.resource.ResourceHttpRequestHandler]
2017-09-24 17:51:01.083  INFO 52500 --- [main] s.w.s.m.m.a.RequestMappingHandlerAdapter : Looking for @ControllerAdvice: org.springframework.web.context.support.GenericWebApplicationContext@6d1ef78d: startup date [Sun Sep 24 17:50:59 CST 2017]; root of context hierarchy
2017-09-24 17:51:01.129  INFO 52500 --- [main] .m.m.a.ExceptionHandlerExceptionResolver : Detected @ExceptionHandler methods in globalDefaultExceptionHandler
2017-09-24 17:51:01.580  INFO 52500 --- [main] o.s.w.s.v.f.FreeMarkerConfigurer         : ClassTemplateLoader for Spring macros added to FreeMarker configuration
2017-09-24 17:51:01.848  INFO 52500 --- [main] com.keji.blog.ApplicationTests           : Started ApplicationTests in 3.374 seconds (JVM running for 4.312)
2017-09-24 17:51:01.981  INFO 52500 --- [Thread-2] o.s.w.c.s.GenericWebApplicationContext   : Closing org.springframework.web.context.support.GenericWebApplicationContext@6d1ef78d: startup date [Sun Sep 24 17:50:59 CST 2017]; root of context hierarchy
2017-09-24 17:51:17.275 ERROR 43724 --- [main] o.s.b.l.LoggingApplicationListener       : Cannot set level: debug   for 'com.keji.blog.controller'
2017-09-24 17:51:17.364  INFO 43724 --- [main] com.keji.blog.ApplicationTests           : Starting ApplicationTests on MININT-LGP9OM3 with PID 43724 (started by wb-ny291824 in D:\Develop\idea\IdeaProjects\super-blog\super-blog-starter)
2017-09-24 17:51:17.365  INFO 43724 --- [main] com.keji.blog.ApplicationTests           : No active profile set, falling back to default profiles: default
2017-09-24 17:51:17.415  INFO 43724 --- [main] o.s.w.c.s.GenericWebApplicationContext   : Refreshing org.springframework.web.context.support.GenericWebApplicationContext@1d8bd0de: startup date [Sun Sep 24 17:51:17 CST 2017]; root of context hierarchy
2017-09-24 17:51:17.988  INFO 43724 --- [main] o.s.b.f.xml.XmlBeanDefinitionReader      : Loading XML bean definitions from class path resource [WEB-INF/base-config.xml]
2017-09-24 17:51:18.050  INFO 43724 --- [main] o.s.b.f.xml.XmlBeanDefinitionReader      : Loading XML bean definitions from class path resource [mybatis/mybatis-config.xml]
2017-09-24 17:51:18.188  WARN 43724 --- [main] o.m.s.mapper.ClassPathMapperScanner      : No MyBatis mapper was found in '[com.keji.blog]' package. Please check your configuration.
2017-09-24 17:51:18.419  INFO 43724 --- [main] c.s.PropertySourcesPlaceholderConfigurer : Loading properties file from file [D:\Develop\idea\IdeaProjects\super-blog\super-blog-dao\target\classes\properties\db.properties]
2017-09-24 17:51:19.076  INFO 43724 --- [main] s.w.s.m.m.a.RequestMappingHandlerMapping : Mapped "{[/admin/login]}" onto public com.keji.blog.result.BaseResult com.keji.blog.controller.admin.AdminUserController.login(com.keji.blog.controller.vo.BlogUserVO,javax.servlet.http.HttpSession)
2017-09-24 17:51:19.078  INFO 43724 --- [main] s.w.s.m.m.a.RequestMappingHandlerMapping : Mapped "{[/{page}]}" onto public java.lang.String com.keji.blog.controller.IndexController.index(java.lang.String)
2017-09-24 17:51:19.078  INFO 43724 --- [main] s.w.s.m.m.a.RequestMappingHandlerMapping : Mapped "{[/admin/{page}]}" onto public java.lang.String com.keji.blog.controller.IndexController.amdinIndex(java.lang.String)
2017-09-24 17:51:19.078  INFO 43724 --- [main] s.w.s.m.m.a.RequestMappingHandlerMapping : Mapped "{[/user/showUserData]}" onto public com.keji.blog.result.BaseResult com.keji.blog.controller.user.UserController.showUserData(java.lang.String)
2017-09-24 17:51:19.082  INFO 43724 --- [main] s.w.s.m.m.a.RequestMappingHandlerMapping : Mapped "{[/error]}" onto public org.springframework.http.ResponseEntity<java.util.Map<java.lang.String, java.lang.Object>> org.springframework.boot.autoconfigure.web.BasicErrorController.error(javax.servlet.http.HttpServletRequest)
2017-09-24 17:51:19.083  INFO 43724 --- [main] s.w.s.m.m.a.RequestMappingHandlerMapping : Mapped "{[/error],produces=[text/html]}" onto public org.springframework.web.servlet.ModelAndView org.springframework.boot.autoconfigure.web.BasicErrorController.errorHtml(javax.servlet.http.HttpServletRequest,javax.servlet.http.HttpServletResponse)
2017-09-24 17:51:19.114  INFO 43724 --- [main] o.s.w.s.handler.SimpleUrlHandlerMapping  : Mapped URL path [/static/**] onto handler of type [class org.springframework.web.servlet.resource.ResourceHttpRequestHandler]
2017-09-24 17:51:19.115  INFO 43724 --- [main] o.s.w.s.handler.SimpleUrlHandlerMapping  : Mapped URL path [/templates/**] onto handler of type [class org.springframework.web.servlet.resource.ResourceHttpRequestHandler]
2017-09-24 17:51:19.152  INFO 43724 --- [main] s.w.s.m.m.a.RequestMappingHandlerAdapter : Looking for @ControllerAdvice: org.springframework.web.context.support.GenericWebApplicationContext@1d8bd0de: startup date [Sun Sep 24 17:51:17 CST 2017]; root of context hierarchy
2017-09-24 17:51:19.194  INFO 43724 --- [main] .m.m.a.ExceptionHandlerExceptionResolver : Detected @ExceptionHandler methods in globalDefaultExceptionHandler
2017-09-24 17:51:19.586  INFO 43724 --- [main] o.s.w.s.v.f.FreeMarkerConfigurer         : ClassTemplateLoader for Spring macros added to FreeMarker configuration
2017-09-24 17:51:19.762  INFO 43724 --- [main] com.keji.blog.ApplicationTests           : Started ApplicationTests in 2.954 seconds (JVM running for 3.891)
2017-09-24 17:51:19.828  INFO 43724 --- [Thread-2] o.s.w.c.s.GenericWebApplicationContext   : Closing org.springframework.web.context.support.GenericWebApplicationContext@1d8bd0de: startup date [Sun Sep 24 17:51:17 CST 2017]; root of context hierarchy
2017-09-24 17:51:40.142 ERROR 54852 --- [main] o.s.b.l.LoggingApplicationListener       : Cannot set level: debug   for 'com.keji.blog.controller'
2017-09-24 17:51:40.285  INFO 54852 --- [main] com.keji.blog.ApplicationTests           : Starting ApplicationTests on MININT-LGP9OM3 with PID 54852 (started by wb-ny291824 in D:\Develop\idea\IdeaProjects\super-blog\super-blog-starter)
2017-09-24 17:51:40.285  INFO 54852 --- [main] com.keji.blog.ApplicationTests           : No active profile set, falling back to default profiles: default
2017-09-24 17:51:40.423  INFO 54852 --- [main] o.s.w.c.s.GenericWebApplicationContext   : Refreshing org.springframework.web.context.support.GenericWebApplicationContext@1d8bd0de: startup date [Sun Sep 24 17:51:40 CST 2017]; root of context hierarchy
2017-09-24 17:51:40.968  INFO 54852 --- [main] o.s.b.f.xml.XmlBeanDefinitionReader      : Loading XML bean definitions from class path resource [WEB-INF/base-config.xml]
2017-09-24 17:51:41.075  INFO 54852 --- [main] o.s.b.f.xml.XmlBeanDefinitionReader      : Loading XML bean definitions from class path resource [mybatis/mybatis-config.xml]
2017-09-24 17:51:41.205  WARN 54852 --- [main] o.m.s.mapper.ClassPathMapperScanner      : No MyBatis mapper was found in '[com.keji.blog]' package. Please check your configuration.
2017-09-24 17:51:41.412  INFO 54852 --- [main] c.s.PropertySourcesPlaceholderConfigurer : Loading properties file from file [D:\Develop\idea\IdeaProjects\super-blog\super-blog-dao\target\classes\properties\db.properties]
2017-09-24 17:51:42.071  INFO 54852 --- [main] s.w.s.m.m.a.RequestMappingHandlerMapping : Mapped "{[/admin/login]}" onto public com.keji.blog.result.BaseResult com.keji.blog.controller.admin.AdminUserController.login(com.keji.blog.controller.vo.BlogUserVO,javax.servlet.http.HttpSession)
2017-09-24 17:51:42.073  INFO 54852 --- [main] s.w.s.m.m.a.RequestMappingHandlerMapping : Mapped "{[/{page}]}" onto public java.lang.String com.keji.blog.controller.IndexController.index(java.lang.String)
2017-09-24 17:51:42.073  INFO 54852 --- [main] s.w.s.m.m.a.RequestMappingHandlerMapping : Mapped "{[/admin/{page}]}" onto public java.lang.String com.keji.blog.controller.IndexController.amdinIndex(java.lang.String)
2017-09-24 17:51:42.073  INFO 54852 --- [main] s.w.s.m.m.a.RequestMappingHandlerMapping : Mapped "{[/user/showUserData]}" onto public com.keji.blog.result.BaseResult com.keji.blog.controller.user.UserController.showUserData(java.lang.String)
2017-09-24 17:51:42.077  INFO 54852 --- [main] s.w.s.m.m.a.RequestMappingHandlerMapping : Mapped "{[/error]}" onto public org.springframework.http.ResponseEntity<java.util.Map<java.lang.String, java.lang.Object>> org.springframework.boot.autoconfigure.web.BasicErrorController.error(javax.servlet.http.HttpServletRequest)
2017-09-24 17:51:42.077  INFO 54852 --- [main] s.w.s.m.m.a.RequestMappingHandlerMapping : Mapped "{[/error],produces=[text/html]}" onto public org.springframework.web.servlet.ModelAndView org.springframework.boot.autoconfigure.web.BasicErrorController.errorHtml(javax.servlet.http.HttpServletRequest,javax.servlet.http.HttpServletResponse)
2017-09-24 17:51:42.109  INFO 54852 --- [main] o.s.w.s.handler.SimpleUrlHandlerMapping  : Mapped URL path [/static/**] onto handler of type [class org.springframework.web.servlet.resource.ResourceHttpRequestHandler]
2017-09-24 17:51:42.110  INFO 54852 --- [main] o.s.w.s.handler.SimpleUrlHandlerMapping  : Mapped URL path [/templates/**] onto handler of type [class org.springframework.web.servlet.resource.ResourceHttpRequestHandler]
2017-09-24 17:51:42.149  INFO 54852 --- [main] s.w.s.m.m.a.RequestMappingHandlerAdapter : Looking for @ControllerAdvice: org.springframework.web.context.support.GenericWebApplicationContext@1d8bd0de: startup date [Sun Sep 24 17:51:40 CST 2017]; root of context hierarchy
2017-09-24 17:51:42.199  INFO 54852 --- [main] .m.m.a.ExceptionHandlerExceptionResolver : Detected @ExceptionHandler methods in globalDefaultExceptionHandler
2017-09-24 17:51:42.633  INFO 54852 --- [main] o.s.w.s.v.f.FreeMarkerConfigurer         : ClassTemplateLoader for Spring macros added to FreeMarker configuration
2017-09-24 17:51:42.803  INFO 54852 --- [main] com.keji.blog.ApplicationTests           : Started ApplicationTests in 3.129 seconds (JVM running for 3.879)
2017-09-24 17:51:42.952  INFO 54852 --- [Thread-2] o.s.w.c.s.GenericWebApplicationContext   : Closing org.springframework.web.context.support.GenericWebApplicationContext@1d8bd0de: startup date [Sun Sep 24 17:51:40 CST 2017]; root of context hierarchy
2017-09-24 17:51:54.155 ERROR 58468 --- [main] o.s.b.l.LoggingApplicationListener       : Cannot set level: debug   for 'com.keji.blog.controller'
2017-09-24 17:51:54.238  INFO 58468 --- [main] com.keji.blog.ApplicationTests           : Starting ApplicationTests on MININT-LGP9OM3 with PID 58468 (started by wb-ny291824 in D:\Develop\idea\IdeaProjects\super-blog\super-blog-starter)
2017-09-24 17:51:54.238  INFO 58468 --- [main] com.keji.blog.ApplicationTests           : No active profile set, falling back to default profiles: default
2017-09-24 17:51:54.296  INFO 58468 --- [main] o.s.w.c.s.GenericWebApplicationContext   : Refreshing org.springframework.web.context.support.GenericWebApplicationContext@1d8bd0de: startup date [Sun Sep 24 17:51:54 CST 2017]; root of context hierarchy
2017-09-24 17:51:54.853  INFO 58468 --- [main] o.s.b.f.xml.XmlBeanDefinitionReader      : Loading XML bean definitions from class path resource [WEB-INF/base-config.xml]
2017-09-24 17:51:54.921  INFO 58468 --- [main] o.s.b.f.xml.XmlBeanDefinitionReader      : Loading XML bean definitions from class path resource [mybatis/mybatis-config.xml]
2017-09-24 17:51:55.060  WARN 58468 --- [main] o.m.s.mapper.ClassPathMapperScanner      : No MyBatis mapper was found in '[com.keji.blog]' package. Please check your configuration.
2017-09-24 17:51:55.299  INFO 58468 --- [main] c.s.PropertySourcesPlaceholderConfigurer : Loading properties file from file [D:\Develop\idea\IdeaProjects\super-blog\super-blog-dao\target\classes\properties\db.properties]
2017-09-24 17:51:55.957  INFO 58468 --- [main] s.w.s.m.m.a.RequestMappingHandlerMapping : Mapped "{[/admin/login]}" onto public com.keji.blog.result.BaseResult com.keji.blog.controller.admin.AdminUserController.login(com.keji.blog.controller.vo.BlogUserVO,javax.servlet.http.HttpSession)
2017-09-24 17:51:55.959  INFO 58468 --- [main] s.w.s.m.m.a.RequestMappingHandlerMapping : Mapped "{[/{page}]}" onto public java.lang.String com.keji.blog.controller.IndexController.index(java.lang.String)
2017-09-24 17:51:55.959  INFO 58468 --- [main] s.w.s.m.m.a.RequestMappingHandlerMapping : Mapped "{[/admin/{page}]}" onto public java.lang.String com.keji.blog.controller.IndexController.amdinIndex(java.lang.String)
2017-09-24 17:51:55.960  INFO 58468 --- [main] s.w.s.m.m.a.RequestMappingHandlerMapping : Mapped "{[/user/showUserData]}" onto public com.keji.blog.result.BaseResult com.keji.blog.controller.user.UserController.showUserData(java.lang.String)
2017-09-24 17:51:55.963  INFO 58468 --- [main] s.w.s.m.m.a.RequestMappingHandlerMapping : Mapped "{[/error]}" onto public org.springframework.http.ResponseEntity<java.util.Map<java.lang.String, java.lang.Object>> org.springframework.boot.autoconfigure.web.BasicErrorController.error(javax.servlet.http.HttpServletRequest)
2017-09-24 17:51:55.964  INFO 58468 --- [main] s.w.s.m.m.a.RequestMappingHandlerMapping : Mapped "{[/error],produces=[text/html]}" onto public org.springframework.web.servlet.ModelAndView org.springframework.boot.autoconfigure.web.BasicErrorController.errorHtml(javax.servlet.http.HttpServletRequest,javax.servlet.http.HttpServletResponse)
2017-09-24 17:51:55.995  INFO 58468 --- [main] o.s.w.s.handler.SimpleUrlHandlerMapping  : Mapped URL path [/static/**] onto handler of type [class org.springframework.web.servlet.resource.ResourceHttpRequestHandler]
2017-09-24 17:51:55.995  INFO 58468 --- [main] o.s.w.s.handler.SimpleUrlHandlerMapping  : Mapped URL path [/templates/**] onto handler of type [class org.springframework.web.servlet.resource.ResourceHttpRequestHandler]
2017-09-24 17:51:56.032  INFO 58468 --- [main] s.w.s.m.m.a.RequestMappingHandlerAdapter : Looking for @ControllerAdvice: org.springframework.web.context.support.GenericWebApplicationContext@1d8bd0de: startup date [Sun Sep 24 17:51:54 CST 2017]; root of context hierarchy
2017-09-24 17:51:56.073  INFO 58468 --- [main] .m.m.a.ExceptionHandlerExceptionResolver : Detected @ExceptionHandler methods in globalDefaultExceptionHandler
2017-09-24 17:51:56.468  INFO 58468 --- [main] o.s.w.s.v.f.FreeMarkerConfigurer         : ClassTemplateLoader for Spring macros added to FreeMarker configuration
2017-09-24 17:51:56.640  INFO 58468 --- [main] com.keji.blog.ApplicationTests           : Started ApplicationTests in 2.954 seconds (JVM running for 3.878)
2017-09-24 17:51:56.683  INFO 58468 --- [Thread-2] o.s.w.c.s.GenericWebApplicationContext   : Closing org.springframework.web.context.support.GenericWebApplicationContext@1d8bd0de: startup date [Sun Sep 24 17:51:54 CST 2017]; root of context hierarchy
2017-09-24 17:58:28.020 ERROR 50384 --- [main] o.s.b.l.LoggingApplicationListener       : Cannot set level: debug   for 'com.keji.blog.controller'
2017-09-24 17:58:28.140  INFO 50384 --- [main] com.keji.blog.ApplicationTests           : Starting ApplicationTests on MININT-LGP9OM3 with PID 50384 (started by wb-ny291824 in D:\Develop\idea\IdeaProjects\super-blog\super-blog-starter)
2017-09-24 17:58:28.141  INFO 50384 --- [main] com.keji.blog.ApplicationTests           : No active profile set, falling back to default profiles: default
2017-09-24 17:58:28.272  INFO 50384 --- [main] o.s.w.c.s.GenericWebApplicationContext   : Refreshing org.springframework.web.context.support.GenericWebApplicationContext@45ca843: startup date [Sun Sep 24 17:58:28 CST 2017]; root of context hierarchy
2017-09-24 17:58:28.823  INFO 50384 --- [main] o.s.b.f.xml.XmlBeanDefinitionReader      : Loading XML bean definitions from class path resource [WEB-INF/base-config.xml]
2017-09-24 17:58:28.887  INFO 50384 --- [main] o.s.b.f.xml.XmlBeanDefinitionReader      : Loading XML bean definitions from class path resource [mybatis/mybatis-config.xml]
2017-09-24 17:58:29.019  WARN 50384 --- [main] o.m.s.mapper.ClassPathMapperScanner      : No MyBatis mapper was found in '[com.keji.blog]' package. Please check your configuration.
2017-09-24 17:58:29.218  INFO 50384 --- [main] c.s.PropertySourcesPlaceholderConfigurer : Loading properties file from file [D:\Develop\idea\IdeaProjects\super-blog\super-blog-dao\target\classes\properties\db.properties]
2017-09-24 17:58:29.952  INFO 50384 --- [main] s.w.s.m.m.a.RequestMappingHandlerMapping : Mapped "{[/admin/login]}" onto public com.keji.blog.result.BaseResult com.keji.blog.controller.admin.AdminUserController.login(com.keji.blog.controller.vo.BlogUserVO,javax.servlet.http.HttpSession)
2017-09-24 17:58:29.953  INFO 50384 --- [main] s.w.s.m.m.a.RequestMappingHandlerMapping : Mapped "{[/{page}]}" onto public java.lang.String com.keji.blog.controller.IndexController.index(java.lang.String)
2017-09-24 17:58:29.953  INFO 50384 --- [main] s.w.s.m.m.a.RequestMappingHandlerMapping : Mapped "{[/admin/{page}]}" onto public java.lang.String com.keji.blog.controller.IndexController.amdinIndex(java.lang.String)
2017-09-24 17:58:29.953  INFO 50384 --- [main] s.w.s.m.m.a.RequestMappingHandlerMapping : Mapped "{[/user/showUserData]}" onto public com.keji.blog.result.BaseResult com.keji.blog.controller.user.UserController.showUserData(java.lang.String)
2017-09-24 17:58:29.959  INFO 50384 --- [main] s.w.s.m.m.a.RequestMappingHandlerMapping : Mapped "{[/error]}" onto public org.springframework.http.ResponseEntity<java.util.Map<java.lang.String, java.lang.Object>> org.springframework.boot.autoconfigure.web.BasicErrorController.error(javax.servlet.http.HttpServletRequest)
2017-09-24 17:58:29.959  INFO 50384 --- [main] s.w.s.m.m.a.RequestMappingHandlerMapping : Mapped "{[/error],produces=[text/html]}" onto public org.springframework.web.servlet.ModelAndView org.springframework.boot.autoconfigure.web.BasicErrorController.errorHtml(javax.servlet.http.HttpServletRequest,javax.servlet.http.HttpServletResponse)
2017-09-24 17:58:29.999  INFO 50384 --- [main] o.s.w.s.handler.SimpleUrlHandlerMapping  : Mapped URL path [/static/**] onto handler of type [class org.springframework.web.servlet.resource.ResourceHttpRequestHandler]
2017-09-24 17:58:30.000  INFO 50384 --- [main] o.s.w.s.handler.SimpleUrlHandlerMapping  : Mapped URL path [/templates/**] onto handler of type [class org.springframework.web.servlet.resource.ResourceHttpRequestHandler]
2017-09-24 17:58:30.037  INFO 50384 --- [main] s.w.s.m.m.a.RequestMappingHandlerAdapter : Looking for @ControllerAdvice: org.springframework.web.context.support.GenericWebApplicationContext@45ca843: startup date [Sun Sep 24 17:58:28 CST 2017]; root of context hierarchy
2017-09-24 17:58:30.086  INFO 50384 --- [main] .m.m.a.ExceptionHandlerExceptionResolver : Detected @ExceptionHandler methods in globalDefaultExceptionHandler
2017-09-24 17:58:30.493  INFO 50384 --- [main] o.s.w.s.v.f.FreeMarkerConfigurer         : ClassTemplateLoader for Spring macros added to FreeMarker configuration
2017-09-24 17:58:30.681  INFO 50384 --- [main] com.keji.blog.ApplicationTests           : Started ApplicationTests in 3.174 seconds (JVM running for 3.882)
2017-09-24 17:58:30.755  INFO 50384 --- [Thread-2] o.s.w.c.s.GenericWebApplicationContext   : Closing org.springframework.web.context.support.GenericWebApplicationContext@45ca843: startup date [Sun Sep 24 17:58:28 CST 2017]; root of context hierarchy
2017-09-24 17:58:42.890 ERROR 38140 --- [main] o.s.b.l.LoggingApplicationListener       : Cannot set level: debug   for 'com.keji.blog.controller'
2017-09-24 17:58:42.990  INFO 38140 --- [main] com.keji.blog.ApplicationTests           : Starting ApplicationTests on MININT-LGP9OM3 with PID 38140 (started by wb-ny291824 in D:\Develop\idea\IdeaProjects\super-blog\super-blog-starter)
2017-09-24 17:58:42.991  INFO 38140 --- [main] com.keji.blog.ApplicationTests           : No active profile set, falling back to default profiles: default
2017-09-24 17:58:43.103  INFO 38140 --- [main] o.s.w.c.s.GenericWebApplicationContext   : Refreshing org.springframework.web.context.support.GenericWebApplicationContext@45ca843: startup date [Sun Sep 24 17:58:43 CST 2017]; root of context hierarchy
2017-09-24 17:58:43.663  INFO 38140 --- [main] o.s.b.f.xml.XmlBeanDefinitionReader      : Loading XML bean definitions from class path resource [WEB-INF/base-config.xml]
2017-09-24 17:58:43.725  INFO 38140 --- [main] o.s.b.f.xml.XmlBeanDefinitionReader      : Loading XML bean definitions from class path resource [mybatis/mybatis-config.xml]
2017-09-24 17:58:43.853  WARN 38140 --- [main] o.m.s.mapper.ClassPathMapperScanner      : No MyBatis mapper was found in '[com.keji.blog]' package. Please check your configuration.
2017-09-24 17:58:44.046  INFO 38140 --- [main] c.s.PropertySourcesPlaceholderConfigurer : Loading properties file from file [D:\Develop\idea\IdeaProjects\super-blog\super-blog-dao\target\classes\properties\db.properties]
2017-09-24 17:58:44.712  INFO 38140 --- [main] s.w.s.m.m.a.RequestMappingHandlerMapping : Mapped "{[/admin/login]}" onto public com.keji.blog.result.BaseResult com.keji.blog.controller.admin.AdminUserController.login(com.keji.blog.controller.vo.BlogUserVO,javax.servlet.http.HttpSession)
2017-09-24 17:58:44.713  INFO 38140 --- [main] s.w.s.m.m.a.RequestMappingHandlerMapping : Mapped "{[/{page}]}" onto public java.lang.String com.keji.blog.controller.IndexController.index(java.lang.String)
2017-09-24 17:58:44.713  INFO 38140 --- [main] s.w.s.m.m.a.RequestMappingHandlerMapping : Mapped "{[/admin/{page}]}" onto public java.lang.String com.keji.blog.controller.IndexController.amdinIndex(java.lang.String)
2017-09-24 17:58:44.714  INFO 38140 --- [main] s.w.s.m.m.a.RequestMappingHandlerMapping : Mapped "{[/user/showUserData]}" onto public com.keji.blog.result.BaseResult com.keji.blog.controller.user.UserController.showUserData(java.lang.String)
2017-09-24 17:58:44.718  INFO 38140 --- [main] s.w.s.m.m.a.RequestMappingHandlerMapping : Mapped "{[/error]}" onto public org.springframework.http.ResponseEntity<java.util.Map<java.lang.String, java.lang.Object>> org.springframework.boot.autoconfigure.web.BasicErrorController.error(javax.servlet.http.HttpServletRequest)
2017-09-24 17:58:44.718  INFO 38140 --- [main] s.w.s.m.m.a.RequestMappingHandlerMapping : Mapped "{[/error],produces=[text/html]}" onto public org.springframework.web.servlet.ModelAndView org.springframework.boot.autoconfigure.web.BasicErrorController.errorHtml(javax.servlet.http.HttpServletRequest,javax.servlet.http.HttpServletResponse)
2017-09-24 17:58:44.751  INFO 38140 --- [main] o.s.w.s.handler.SimpleUrlHandlerMapping  : Mapped URL path [/static/**] onto handler of type [class org.springframework.web.servlet.resource.ResourceHttpRequestHandler]
2017-09-24 17:58:44.751  INFO 38140 --- [main] o.s.w.s.handler.SimpleUrlHandlerMapping  : Mapped URL path [/templates/**] onto handler of type [class org.springframework.web.servlet.resource.ResourceHttpRequestHandler]
2017-09-24 17:58:44.786  INFO 38140 --- [main] s.w.s.m.m.a.RequestMappingHandlerAdapter : Looking for @ControllerAdvice: org.springframework.web.context.support.GenericWebApplicationContext@45ca843: startup date [Sun Sep 24 17:58:43 CST 2017]; root of context hierarchy
2017-09-24 17:58:44.825  INFO 38140 --- [main] .m.m.a.ExceptionHandlerExceptionResolver : Detected @ExceptionHandler methods in globalDefaultExceptionHandler
2017-09-24 17:58:45.210  INFO 38140 --- [main] o.s.w.s.v.f.FreeMarkerConfigurer         : ClassTemplateLoader for Spring macros added to FreeMarker configuration
2017-09-24 17:58:45.377  INFO 38140 --- [main] com.keji.blog.ApplicationTests           : Started ApplicationTests in 2.897 seconds (JVM running for 3.637)
2017-09-24 17:58:45.562  INFO 38140 --- [Thread-2] o.s.w.c.s.GenericWebApplicationContext   : Closing org.springframework.web.context.support.GenericWebApplicationContext@45ca843: startup date [Sun Sep 24 17:58:43 CST 2017]; root of context hierarchy
2017-09-24 17:59:06.816 ERROR 58496 --- [main] o.s.b.l.LoggingApplicationListener       : Cannot set level: debug   for 'com.keji.blog.controller'
2017-09-24 17:59:06.951  INFO 58496 --- [main] com.keji.blog.ApplicationTests           : Starting ApplicationTests on MININT-LGP9OM3 with PID 58496 (started by wb-ny291824 in D:\Develop\idea\IdeaProjects\super-blog\super-blog-starter)
2017-09-24 17:59:06.951  INFO 58496 --- [main] com.keji.blog.ApplicationTests           : No active profile set, falling back to default profiles: default
2017-09-24 17:59:07.024  INFO 58496 --- [main] o.s.w.c.s.GenericWebApplicationContext   : Refreshing org.springframework.web.context.support.GenericWebApplicationContext@45ca843: startup date [Sun Sep 24 17:59:07 CST 2017]; root of context hierarchy
2017-09-24 17:59:07.674  INFO 58496 --- [main] o.s.b.f.xml.XmlBeanDefinitionReader      : Loading XML bean definitions from class path resource [WEB-INF/base-config.xml]
2017-09-24 17:59:07.734  INFO 58496 --- [main] o.s.b.f.xml.XmlBeanDefinitionReader      : Loading XML bean definitions from class path resource [mybatis/mybatis-config.xml]
2017-09-24 17:59:07.869  WARN 58496 --- [main] o.m.s.mapper.ClassPathMapperScanner      : No MyBatis mapper was found in '[com.keji.blog]' package. Please check your configuration.
2017-09-24 17:59:08.076  INFO 58496 --- [main] c.s.PropertySourcesPlaceholderConfigurer : Loading properties file from file [D:\Develop\idea\IdeaProjects\super-blog\super-blog-dao\target\classes\properties\db.properties]
2017-09-24 17:59:08.769  INFO 58496 --- [main] s.w.s.m.m.a.RequestMappingHandlerMapping : Mapped "{[/admin/login]}" onto public com.keji.blog.result.BaseResult com.keji.blog.controller.admin.AdminUserController.login(com.keji.blog.controller.vo.BlogUserVO,javax.servlet.http.HttpSession)
2017-09-24 17:59:08.770  INFO 58496 --- [main] s.w.s.m.m.a.RequestMappingHandlerMapping : Mapped "{[/{page}]}" onto public java.lang.String com.keji.blog.controller.IndexController.index(java.lang.String)
2017-09-24 17:59:08.771  INFO 58496 --- [main] s.w.s.m.m.a.RequestMappingHandlerMapping : Mapped "{[/admin/{page}]}" onto public java.lang.String com.keji.blog.controller.IndexController.amdinIndex(java.lang.String)
2017-09-24 17:59:08.771  INFO 58496 --- [main] s.w.s.m.m.a.RequestMappingHandlerMapping : Mapped "{[/user/showUserData]}" onto public com.keji.blog.result.BaseResult com.keji.blog.controller.user.UserController.showUserData(java.lang.String)
2017-09-24 17:59:08.776  INFO 58496 --- [main] s.w.s.m.m.a.RequestMappingHandlerMapping : Mapped "{[/error]}" onto public org.springframework.http.ResponseEntity<java.util.Map<java.lang.String, java.lang.Object>> org.springframework.boot.autoconfigure.web.BasicErrorController.error(javax.servlet.http.HttpServletRequest)
2017-09-24 17:59:08.776  INFO 58496 --- [main] s.w.s.m.m.a.RequestMappingHandlerMapping : Mapped "{[/error],produces=[text/html]}" onto public org.springframework.web.servlet.ModelAndView org.springframework.boot.autoconfigure.web.BasicErrorController.errorHtml(javax.servlet.http.HttpServletRequest,javax.servlet.http.HttpServletResponse)
2017-09-24 17:59:08.808  INFO 58496 --- [main] o.s.w.s.handler.SimpleUrlHandlerMapping  : Mapped URL path [/static/**] onto handler of type [class org.springframework.web.servlet.resource.ResourceHttpRequestHandler]
2017-09-24 17:59:08.808  INFO 58496 --- [main] o.s.w.s.handler.SimpleUrlHandlerMapping  : Mapped URL path [/templates/**] onto handler of type [class org.springframework.web.servlet.resource.ResourceHttpRequestHandler]
2017-09-24 17:59:08.848  INFO 58496 --- [main] s.w.s.m.m.a.RequestMappingHandlerAdapter : Looking for @ControllerAdvice: org.springframework.web.context.support.GenericWebApplicationContext@45ca843: startup date [Sun Sep 24 17:59:07 CST 2017]; root of context hierarchy
2017-09-24 17:59:08.897  INFO 58496 --- [main] .m.m.a.ExceptionHandlerExceptionResolver : Detected @ExceptionHandler methods in globalDefaultExceptionHandler
2017-09-24 17:59:09.313  INFO 58496 --- [main] o.s.w.s.v.f.FreeMarkerConfigurer         : ClassTemplateLoader for Spring macros added to FreeMarker configuration
2017-09-24 17:59:09.474  INFO 58496 --- [main] com.keji.blog.ApplicationTests           : Started ApplicationTests in 3.216 seconds (JVM running for 3.937)
2017-09-24 17:59:09.566  INFO 58496 --- [Thread-2] o.s.w.c.s.GenericWebApplicationContext   : Closing org.springframework.web.context.support.GenericWebApplicationContext@45ca843: startup date [Sun Sep 24 17:59:07 CST 2017]; root of context hierarchy
